<?xml version="1.0" encoding="utf-8"?><testsuites name="pytest tests"><testsuite name="pytest" errors="0" failures="0" skipped="0" tests="32" time="6.990" timestamp="2026-08-05T05:15:37.217474+00:00" hostname="agent-env-fe606150-7631-4a78-8fc2-1bc8131d44bc"><testcase classname="tests.backend_test.TestRolesTenant" name="test_super_all_roles" time="0.718" /><testcase classname="tests.backend_test" name="test_resource_crud[departments]" time="1.744" /><testcase classname="tests.backend_test.TestRolesTenant" name="test_super_filter_by_acme" time="0.429" /><testcase classname="tests.backend_test.TestRolesTenant" name="test_regular_only_own_roles" time="0.522" /><testcase classname="tests.backend_test.TestRolesTenant" name="test_super_create_without_company_400" time="0.133" /><testcase classname="tests.backend_test" name="test_resource_crud[routes]" time="0.595" /><testcase classname="tests.backend_test.TestRolesTenant" name="test_super_create_with_company" time="0.572" /><testcase classname="tests.backend_test" name="test_resource_crud[brands]" time="0.573" /><testcase classname="tests.backend_test.TestRolesTenant" name="test_regular_create_auto_scopes" time="0.227" /><testcase classname="tests.backend_test.TestRolesTenant" name="test_regular_update_other_company_forbidden" time="0.242" /><testcase classname="tests.backend_test.TestRolesTenant" name="test_regular_delete_own" time="0.322" /><testcase classname="tests.backend_test" name="test_resource_crud[products]" time="0.533" /><testcase classname="tests.backend_test.TestAuth" name="test_super_login" time="0.000" /><testcase classname="tests.backend_test.TestAuth" name="test_regular_login" time="0.000" /><testcase classname="tests.backend_test.TestAuth" name="test_me" time="0.095" /><testcase classname="tests.backend_test.TestAuth" name="test_missing_token" time="0.148" /><testcase classname="tests.backend_test.TestAuth" name="test_invalid_token" time="0.095" /><testcase classname="tests.backend_test" name="test_resource_crud[units]" time="0.739" /><testcase classname="tests.backend_test.TestAuth" name="test_bad_password" time="0.318" /><testcase classname="tests.backend_test.TestCompanies" name="test_super_sees_all" time="0.093" /><testcase classname="tests.backend_test.TestCompanies" name="test_regular_sees_only_own" time="0.104" /><testcase classname="tests.backend_test.TestCompanies" name="test_regular_cannot_create_company" time="0.090" /><testcase classname="tests.backend_test.TestCompanies" name="test_super_can_create_and_delete" time="0.225" /><testcase classname="tests.backend_test" name="test_resource_crud[items]" time="0.658" /><testcase classname="tests.backend_test.TestUsers" name="test_super_creates_user_in_any_company" time="0.408" /><testcase classname="tests.backend_test.TestUsers" name="test_regular_creates_user_scoped" time="0.454" /><testcase classname="tests.backend_test" name="test_resource_crud[customers]" time="0.629" /><testcase classname="tests.backend_test.TestUsers" name="test_regular_cannot_assign_super_admin" time="0.099" /><testcase classname="tests.backend_test.TestUsers" name="test_cannot_delete_self" time="0.095" /><testcase classname="tests.backend_test" name="test_resource_crud[employees]" time="0.501" /><testcase classname="tests.backend_test" name="test_dashboard_super" time="0.412" /><testcase classname="tests.backend_test" name="test_dashboard_regular_scoped" time="0.101" /></testsuite></testsuites>